<?xml version="1.0" encoding="UTF-8"?>
<testsuite xmlns:xsi="http://www.w3.org/2001/XMLSchema-instance" xsi:noNamespaceSchemaLocation="https://maven.apache.org/surefire/maven-surefire-plugin/xsd/surefire-test-report.xsd" name="com.artisan.test.Test" time="2.346" tests="1" errors="0" skipped="0" failures="0">
  <properties>
    <property name="sun.desktop" value="windows"/>
    <property name="awt.toolkit" value="sun.awt.windows.WToolkit"/>
    <property name="file.encoding.pkg" value="sun.io"/>
    <property name="java.specification.version" value="1.8"/>
    <property name="sun.cpu.isalist" value="amd64"/>
    <property name="sun.jnu.encoding" value="GBK"/>
    <property name="java.class.path" value="D:\IdeaProjects\boot2\helloboot\target\test-classes;D:\IdeaProjects\boot2\helloboot\target\classes;D:\Program Files (x86)\apache-maven-3.6.3\Maven_Repo\org\springframework\boot\spring-boot-starter-web\2.4.1\spring-boot-starter-web-2.4.1.jar;D:\Program Files (x86)\apache-maven-3.6.3\Maven_Repo\org\springframework\boot\spring-boot-starter\2.4.1\spring-boot-starter-2.4.1.jar;D:\Program Files (x86)\apache-maven-3.6.3\Maven_Repo\org\springframework\boot\spring-boot-starter-logging\2.4.1\spring-boot-starter-logging-2.4.1.jar;D:\Program Files (x86)\apache-maven-3.6.3\Maven_Repo\ch\qos\logback\logback-classic\1.2.3\logback-classic-1.2.3.jar;D:\Program Files (x86)\apache-maven-3.6.3\Maven_Repo\ch\qos\logback\logback-core\1.2.3\logback-core-1.2.3.jar;D:\Program Files (x86)\apache-maven-3.6.3\Maven_Repo\org\apache\logging\log4j\log4j-to-slf4j\2.13.3\log4j-to-slf4j-2.13.3.jar;D:\Program Files (x86)\apache-maven-3.6.3\Maven_Repo\org\apache\logging\log4j\log4j-api\2.13.3\log4j-api-2.13.3.jar;D:\Program Files (x86)\apache-maven-3.6.3\Maven_Repo\org\slf4j\jul-to-slf4j\1.7.30\jul-to-slf4j-1.7.30.jar;D:\Program Files (x86)\apache-maven-3.6.3\Maven_Repo\jakarta\annotation\jakarta.annotation-api\1.3.5\jakarta.annotation-api-1.3.5.jar;D:\Program Files (x86)\apache-maven-3.6.3\Maven_Repo\org\yaml\snakeyaml\1.27\snakeyaml-1.27.jar;D:\Program Files (x86)\apache-maven-3.6.3\Maven_Repo\org\springframework\boot\spring-boot-starter-json\2.4.1\spring-boot-starter-json-2.4.1.jar;D:\Program Files (x86)\apache-maven-3.6.3\Maven_Repo\com\fasterxml\jackson\core\jackson-databind\2.11.3\jackson-databind-2.11.3.jar;D:\Program Files (x86)\apache-maven-3.6.3\Maven_Repo\com\fasterxml\jackson\datatype\jackson-datatype-jdk8\2.11.3\jackson-datatype-jdk8-2.11.3.jar;D:\Program Files (x86)\apache-maven-3.6.3\Maven_Repo\com\fasterxml\jackson\datatype\jackson-datatype-jsr310\2.11.3\jackson-datatype-jsr310-2.11.3.jar;D:\Program Files (x86)\apache-maven-3.6.3\Maven_Repo\com\fasterxml\jackson\module\jackson-module-parameter-names\2.11.3\jackson-module-parameter-names-2.11.3.jar;D:\Program Files (x86)\apache-maven-3.6.3\Maven_Repo\org\springframework\boot\spring-boot-starter-tomcat\2.4.1\spring-boot-starter-tomcat-2.4.1.jar;D:\Program Files (x86)\apache-maven-3.6.3\Maven_Repo\org\apache\tomcat\embed\tomcat-embed-core\9.0.41\tomcat-embed-core-9.0.41.jar;D:\Program Files (x86)\apache-maven-3.6.3\Maven_Repo\org\glassfish\jakarta.el\3.0.3\jakarta.el-3.0.3.jar;D:\Program Files (x86)\apache-maven-3.6.3\Maven_Repo\org\apache\tomcat\embed\tomcat-embed-websocket\9.0.41\tomcat-embed-websocket-9.0.41.jar;D:\Program Files (x86)\apache-maven-3.6.3\Maven_Repo\org\springframework\spring-web\5.3.2\spring-web-5.3.2.jar;D:\Program Files (x86)\apache-maven-3.6.3\Maven_Repo\org\springframework\spring-beans\5.3.2\spring-beans-5.3.2.jar;D:\Program Files (x86)\apache-maven-3.6.3\Maven_Repo\org\springframework\spring-webmvc\5.3.2\spring-webmvc-5.3.2.jar;D:\Program Files (x86)\apache-maven-3.6.3\Maven_Repo\org\springframework\spring-aop\5.3.2\spring-aop-5.3.2.jar;D:\Program Files (x86)\apache-maven-3.6.3\Maven_Repo\org\springframework\spring-context\5.3.2\spring-context-5.3.2.jar;D:\Program Files (x86)\apache-maven-3.6.3\Maven_Repo\org\springframework\spring-expression\5.3.2\spring-expression-5.3.2.jar;D:\Program Files (x86)\apache-maven-3.6.3\Maven_Repo\org\springframework\boot\spring-boot-starter-test\2.4.1\spring-boot-starter-test-2.4.1.jar;D:\Program Files (x86)\apache-maven-3.6.3\Maven_Repo\org\springframework\boot\spring-boot-test\2.4.1\spring-boot-test-2.4.1.jar;D:\Program Files (x86)\apache-maven-3.6.3\Maven_Repo\org\springframework\boot\spring-boot-test-autoconfigure\2.4.1\spring-boot-test-autoconfigure-2.4.1.jar;D:\Program Files (x86)\apache-maven-3.6.3\Maven_Repo\com\jayway\jsonpath\json-path\2.4.0\json-path-2.4.0.jar;D:\Program Files (x86)\apache-maven-3.6.3\Maven_Repo\net\minidev\json-smart\2.3\json-smart-2.3.jar;D:\Program Files (x86)\apache-maven-3.6.3\Maven_Repo\net\minidev\accessors-smart\1.2\accessors-smart-1.2.jar;D:\Program Files (x86)\apache-maven-3.6.3\Maven_Repo\org\ow2\asm\asm\5.0.4\asm-5.0.4.jar;D:\Program Files (x86)\apache-maven-3.6.3\Maven_Repo\org\slf4j\slf4j-api\1.7.30\slf4j-api-1.7.30.jar;D:\Program Files (x86)\apache-maven-3.6.3\Maven_Repo\jakarta\xml\bind\jakarta.xml.bind-api\2.3.3\jakarta.xml.bind-api-2.3.3.jar;D:\Program Files (x86)\apache-maven-3.6.3\Maven_Repo\jakarta\activation\jakarta.activation-api\1.2.2\jakarta.activation-api-1.2.2.jar;D:\Program Files (x86)\apache-maven-3.6.3\Maven_Repo\org\assertj\assertj-core\3.18.1\assertj-core-3.18.1.jar;D:\Program Files (x86)\apache-maven-3.6.3\Maven_Repo\org\hamcrest\hamcrest\2.2\hamcrest-2.2.jar;D:\Program Files (x86)\apache-maven-3.6.3\Maven_Repo\org\junit\jupiter\junit-jupiter\5.7.0\junit-jupiter-5.7.0.jar;D:\Program Files (x86)\apache-maven-3.6.3\Maven_Repo\org\junit\jupiter\junit-jupiter-api\5.7.0\junit-jupiter-api-5.7.0.jar;D:\Program Files (x86)\apache-maven-3.6.3\Maven_Repo\org\apiguardian\apiguardian-api\1.1.0\apiguardian-api-1.1.0.jar;D:\Program Files (x86)\apache-maven-3.6.3\Maven_Repo\org\opentest4j\opentest4j\1.2.0\opentest4j-1.2.0.jar;D:\Program Files (x86)\apache-maven-3.6.3\Maven_Repo\org\junit\platform\junit-platform-commons\1.7.0\junit-platform-commons-1.7.0.jar;D:\Program Files (x86)\apache-maven-3.6.3\Maven_Repo\org\junit\jupiter\junit-jupiter-params\5.7.0\junit-jupiter-params-5.7.0.jar;D:\Program Files (x86)\apache-maven-3.6.3\Maven_Repo\org\junit\jupiter\junit-jupiter-engine\5.7.0\junit-jupiter-engine-5.7.0.jar;D:\Program Files (x86)\apache-maven-3.6.3\Maven_Repo\org\junit\platform\junit-platform-engine\1.7.0\junit-platform-engine-1.7.0.jar;D:\Program Files (x86)\apache-maven-3.6.3\Maven_Repo\org\mockito\mockito-core\3.6.28\mockito-core-3.6.28.jar;D:\Program Files (x86)\apache-maven-3.6.3\Maven_Repo\net\bytebuddy\byte-buddy\1.10.18\byte-buddy-1.10.18.jar;D:\Program Files (x86)\apache-maven-3.6.3\Maven_Repo\net\bytebuddy\byte-buddy-agent\1.10.18\byte-buddy-agent-1.10.18.jar;D:\Program Files (x86)\apache-maven-3.6.3\Maven_Repo\org\objenesis\objenesis\3.1\objenesis-3.1.jar;D:\Program Files (x86)\apache-maven-3.6.3\Maven_Repo\org\mockito\mockito-junit-jupiter\3.6.28\mockito-junit-jupiter-3.6.28.jar;D:\Program Files (x86)\apache-maven-3.6.3\Maven_Repo\org\skyscreamer\jsonassert\1.5.0\jsonassert-1.5.0.jar;D:\Program Files (x86)\apache-maven-3.6.3\Maven_Repo\com\vaadin\external\google\android-json\0.0.20131108.vaadin1\android-json-0.0.20131108.vaadin1.jar;D:\Program Files (x86)\apache-maven-3.6.3\Maven_Repo\org\springframework\spring-core\5.3.2\spring-core-5.3.2.jar;D:\Program Files (x86)\apache-maven-3.6.3\Maven_Repo\org\springframework\spring-jcl\5.3.2\spring-jcl-5.3.2.jar;D:\Program Files (x86)\apache-maven-3.6.3\Maven_Repo\org\springframework\spring-test\5.3.2\spring-test-5.3.2.jar;D:\Program Files (x86)\apache-maven-3.6.3\Maven_Repo\org\xmlunit\xmlunit-core\2.7.0\xmlunit-core-2.7.0.jar;D:\Program Files (x86)\apache-maven-3.6.3\Maven_Repo\org\apache\commons\commons-lang3\3.11\commons-lang3-3.11.jar;D:\Program Files (x86)\apache-maven-3.6.3\Maven_Repo\com\dameng\Dm8JdbcDriver18\8.1.1.49\Dm8JdbcDriver18-8.1.1.49.jar;D:\Program Files (x86)\apache-maven-3.6.3\Maven_Repo\com\highgo\HgdbJdbc\6.0.4.jre8\HgdbJdbc-6.0.4.jre8.jar;D:\Program Files (x86)\apache-maven-3.6.3\Maven_Repo\com\netflix\ribbon\ribbon\2.7.18\ribbon-2.7.18.jar;D:\Program Files (x86)\apache-maven-3.6.3\Maven_Repo\com\netflix\ribbon\ribbon-core\2.7.18\ribbon-core-2.7.18.jar;D:\Program Files (x86)\apache-maven-3.6.3\Maven_Repo\com\google\code\findbugs\annotations\2.0.0\annotations-2.0.0.jar;D:\Program Files (x86)\apache-maven-3.6.3\Maven_Repo\commons-lang\commons-lang\2.6\commons-lang-2.6.jar;D:\Program Files (x86)\apache-maven-3.6.3\Maven_Repo\com\netflix\ribbon\ribbon-transport\2.7.18\ribbon-transport-2.7.18.jar;D:\Program Files (x86)\apache-maven-3.6.3\Maven_Repo\com\netflix\ribbon\ribbon-archaius\2.7.18\ribbon-archaius-2.7.18.jar;D:\Program Files (x86)\apache-maven-3.6.3\Maven_Repo\com\netflix\ribbon\ribbon-loadbalancer\2.7.18\ribbon-loadbalancer-2.7.18.jar;D:\Program Files (x86)\apache-maven-3.6.3\Maven_Repo\com\netflix\netflix-commons\netflix-statistics\0.1.1\netflix-statistics-0.1.1.jar;D:\Program Files (x86)\apache-maven-3.6.3\Maven_Repo\com\netflix\servo\servo-core\0.10.1\servo-core-0.10.1.jar;D:\Program Files (x86)\apache-maven-3.6.3\Maven_Repo\com\netflix\servo\servo-internal\0.10.1\servo-internal-0.10.1.jar;D:\Program Files (x86)\apache-maven-3.6.3\Maven_Repo\com\netflix\netflix-commons\netflix-commons-util\0.1.1\netflix-commons-util-0.1.1.jar;D:\Program Files (x86)\apache-maven-3.6.3\Maven_Repo\io\reactivex\rxnetty-contexts\0.4.9\rxnetty-contexts-0.4.9.jar;D:\Program Files (x86)\apache-maven-3.6.3\Maven_Repo\io\reactivex\rxnetty-servo\0.4.9\rxnetty-servo-0.4.9.jar;D:\Program Files (x86)\apache-maven-3.6.3\Maven_Repo\com\netflix\hystrix\hystrix-core\1.4.3\hystrix-core-1.4.3.jar;D:\Program Files (x86)\apache-maven-3.6.3\Maven_Repo\javax\inject\javax.inject\1\javax.inject-1.jar;D:\Program Files (x86)\apache-maven-3.6.3\Maven_Repo\io\reactivex\rxjava\1.3.8\rxjava-1.3.8.jar;D:\Program Files (x86)\apache-maven-3.6.3\Maven_Repo\io\reactivex\rxnetty\0.4.9\rxnetty-0.4.9.jar;D:\Program Files (x86)\apache-maven-3.6.3\Maven_Repo\io\netty\netty-codec-http\4.1.55.Final\netty-codec-http-4.1.55.Final.jar;D:\Program Files (x86)\apache-maven-3.6.3\Maven_Repo\io\netty\netty-common\4.1.55.Final\netty-common-4.1.55.Final.jar;D:\Program Files (x86)\apache-maven-3.6.3\Maven_Repo\io\netty\netty-buffer\4.1.55.Final\netty-buffer-4.1.55.Final.jar;D:\Program Files (x86)\apache-maven-3.6.3\Maven_Repo\io\netty\netty-transport\4.1.55.Final\netty-transport-4.1.55.Final.jar;D:\Program Files (x86)\apache-maven-3.6.3\Maven_Repo\io\netty\netty-resolver\4.1.55.Final\netty-resolver-4.1.55.Final.jar;D:\Program Files (x86)\apache-maven-3.6.3\Maven_Repo\io\netty\netty-codec\4.1.55.Final\netty-codec-4.1.55.Final.jar;D:\Program Files (x86)\apache-maven-3.6.3\Maven_Repo\io\netty\netty-handler\4.1.55.Final\netty-handler-4.1.55.Final.jar;D:\Program Files (x86)\apache-maven-3.6.3\Maven_Repo\io\netty\netty-transport-native-epoll\4.1.55.Final\netty-transport-native-epoll-4.1.55.Final.jar;D:\Program Files (x86)\apache-maven-3.6.3\Maven_Repo\io\netty\netty-transport-native-unix-common\4.1.55.Final\netty-transport-native-unix-common-4.1.55.Final.jar;D:\Program Files (x86)\apache-maven-3.6.3\Maven_Repo\commons-configuration\commons-configuration\1.8\commons-configuration-1.8.jar;D:\Program Files (x86)\apache-maven-3.6.3\Maven_Repo\commons-logging\commons-logging\1.1.1\commons-logging-1.1.1.jar;D:\Program Files (x86)\apache-maven-3.6.3\Maven_Repo\com\google\guava\guava\19.0\guava-19.0.jar;D:\Program Files (x86)\apache-maven-3.6.3\Maven_Repo\com\netflix\archaius\archaius-core\0.7.6\archaius-core-0.7.6.jar;D:\Program Files (x86)\apache-maven-3.6.3\Maven_Repo\com\google\code\findbugs\jsr305\3.0.1\jsr305-3.0.1.jar;D:\Program Files (x86)\apache-maven-3.6.3\Maven_Repo\com\fasterxml\jackson\core\jackson-annotations\2.11.3\jackson-annotations-2.11.3.jar;D:\Program Files (x86)\apache-maven-3.6.3\Maven_Repo\com\fasterxml\jackson\core\jackson-core\2.11.3\jackson-core-2.11.3.jar;D:\Program Files (x86)\apache-maven-3.6.3\Maven_Repo\org\springframework\boot\spring-boot-devtools\2.4.1\spring-boot-devtools-2.4.1.jar;D:\Program Files (x86)\apache-maven-3.6.3\Maven_Repo\org\springframework\boot\spring-boot\2.4.1\spring-boot-2.4.1.jar;D:\Program Files (x86)\apache-maven-3.6.3\Maven_Repo\org\springframework\boot\spring-boot-autoconfigure\2.4.1\spring-boot-autoconfigure-2.4.1.jar;"/>
    <property name="java.vm.vendor" value="Oracle Corporation"/>
    <property name="sun.arch.data.model" value="64"/>
    <property name="user.variant" value=""/>
    <property name="java.vendor.url" value="http://java.oracle.com/"/>
    <property name="user.timezone" value="Asia/Shanghai"/>
    <property name="java.vm.specification.version" value="1.8"/>
    <property name="os.name" value="Windows 10"/>
    <property name="user.country" value="CN"/>
    <property name="sun.java.launcher" value="SUN_STANDARD"/>
    <property name="sun.boot.library.path" value="D:\Program Files (x86)\Java\jdk1.8.0_261\jre\bin"/>
    <property name="sun.java.command" value="C:\Users\artisan\AppData\Local\Temp\surefire4924660408843613036\surefirebooter7372013113400889246.jar C:\Users\artisan\AppData\Local\Temp\surefire4924660408843613036 2021-10-18T00-00-07_383-jvmRun1 surefire6748284011425174299tmp surefire_06882246405160822242tmp"/>
    <property name="surefire.test.class.path" value="D:\IdeaProjects\boot2\helloboot\target\test-classes;D:\IdeaProjects\boot2\helloboot\target\classes;D:\Program Files (x86)\apache-maven-3.6.3\Maven_Repo\org\springframework\boot\spring-boot-starter-web\2.4.1\spring-boot-starter-web-2.4.1.jar;D:\Program Files (x86)\apache-maven-3.6.3\Maven_Repo\org\springframework\boot\spring-boot-starter\2.4.1\spring-boot-starter-2.4.1.jar;D:\Program Files (x86)\apache-maven-3.6.3\Maven_Repo\org\springframework\boot\spring-boot-starter-logging\2.4.1\spring-boot-starter-logging-2.4.1.jar;D:\Program Files (x86)\apache-maven-3.6.3\Maven_Repo\ch\qos\logback\logback-classic\1.2.3\logback-classic-1.2.3.jar;D:\Program Files (x86)\apache-maven-3.6.3\Maven_Repo\ch\qos\logback\logback-core\1.2.3\logback-core-1.2.3.jar;D:\Program Files (x86)\apache-maven-3.6.3\Maven_Repo\org\apache\logging\log4j\log4j-to-slf4j\2.13.3\log4j-to-slf4j-2.13.3.jar;D:\Program Files (x86)\apache-maven-3.6.3\Maven_Repo\org\apache\logging\log4j\log4j-api\2.13.3\log4j-api-2.13.3.jar;D:\Program Files (x86)\apache-maven-3.6.3\Maven_Repo\org\slf4j\jul-to-slf4j\1.7.30\jul-to-slf4j-1.7.30.jar;D:\Program Files (x86)\apache-maven-3.6.3\Maven_Repo\jakarta\annotation\jakarta.annotation-api\1.3.5\jakarta.annotation-api-1.3.5.jar;D:\Program Files (x86)\apache-maven-3.6.3\Maven_Repo\org\yaml\snakeyaml\1.27\snakeyaml-1.27.jar;D:\Program Files (x86)\apache-maven-3.6.3\Maven_Repo\org\springframework\boot\spring-boot-starter-json\2.4.1\spring-boot-starter-json-2.4.1.jar;D:\Program Files (x86)\apache-maven-3.6.3\Maven_Repo\com\fasterxml\jackson\core\jackson-databind\2.11.3\jackson-databind-2.11.3.jar;D:\Program Files (x86)\apache-maven-3.6.3\Maven_Repo\com\fasterxml\jackson\datatype\jackson-datatype-jdk8\2.11.3\jackson-datatype-jdk8-2.11.3.jar;D:\Program Files (x86)\apache-maven-3.6.3\Maven_Repo\com\fasterxml\jackson\datatype\jackson-datatype-jsr310\2.11.3\jackson-datatype-jsr310-2.11.3.jar;D:\Program Files (x86)\apache-maven-3.6.3\Maven_Repo\com\fasterxml\jackson\module\jackson-module-parameter-names\2.11.3\jackson-module-parameter-names-2.11.3.jar;D:\Program Files (x86)\apache-maven-3.6.3\Maven_Repo\org\springframework\boot\spring-boot-starter-tomcat\2.4.1\spring-boot-starter-tomcat-2.4.1.jar;D:\Program Files (x86)\apache-maven-3.6.3\Maven_Repo\org\apache\tomcat\embed\tomcat-embed-core\9.0.41\tomcat-embed-core-9.0.41.jar;D:\Program Files (x86)\apache-maven-3.6.3\Maven_Repo\org\glassfish\jakarta.el\3.0.3\jakarta.el-3.0.3.jar;D:\Program Files (x86)\apache-maven-3.6.3\Maven_Repo\org\apache\tomcat\embed\tomcat-embed-websocket\9.0.41\tomcat-embed-websocket-9.0.41.jar;D:\Program Files (x86)\apache-maven-3.6.3\Maven_Repo\org\springframework\spring-web\5.3.2\spring-web-5.3.2.jar;D:\Program Files (x86)\apache-maven-3.6.3\Maven_Repo\org\springframework\spring-beans\5.3.2\spring-beans-5.3.2.jar;D:\Program Files (x86)\apache-maven-3.6.3\Maven_Repo\org\springframework\spring-webmvc\5.3.2\spring-webmvc-5.3.2.jar;D:\Program Files (x86)\apache-maven-3.6.3\Maven_Repo\org\springframework\spring-aop\5.3.2\spring-aop-5.3.2.jar;D:\Program Files (x86)\apache-maven-3.6.3\Maven_Repo\org\springframework\spring-context\5.3.2\spring-context-5.3.2.jar;D:\Program Files (x86)\apache-maven-3.6.3\Maven_Repo\org\springframework\spring-expression\5.3.2\spring-expression-5.3.2.jar;D:\Program Files (x86)\apache-maven-3.6.3\Maven_Repo\org\springframework\boot\spring-boot-starter-test\2.4.1\spring-boot-starter-test-2.4.1.jar;D:\Program Files (x86)\apache-maven-3.6.3\Maven_Repo\org\springframework\boot\spring-boot-test\2.4.1\spring-boot-test-2.4.1.jar;D:\Program Files (x86)\apache-maven-3.6.3\Maven_Repo\org\springframework\boot\spring-boot-test-autoconfigure\2.4.1\spring-boot-test-autoconfigure-2.4.1.jar;D:\Program Files (x86)\apache-maven-3.6.3\Maven_Repo\com\jayway\jsonpath\json-path\2.4.0\json-path-2.4.0.jar;D:\Program Files (x86)\apache-maven-3.6.3\Maven_Repo\net\minidev\json-smart\2.3\json-smart-2.3.jar;D:\Program Files (x86)\apache-maven-3.6.3\Maven_Repo\net\minidev\accessors-smart\1.2\accessors-smart-1.2.jar;D:\Program Files (x86)\apache-maven-3.6.3\Maven_Repo\org\ow2\asm\asm\5.0.4\asm-5.0.4.jar;D:\Program Files (x86)\apache-maven-3.6.3\Maven_Repo\org\slf4j\slf4j-api\1.7.30\slf4j-api-1.7.30.jar;D:\Program Files (x86)\apache-maven-3.6.3\Maven_Repo\jakarta\xml\bind\jakarta.xml.bind-api\2.3.3\jakarta.xml.bind-api-2.3.3.jar;D:\Program Files (x86)\apache-maven-3.6.3\Maven_Repo\jakarta\activation\jakarta.activation-api\1.2.2\jakarta.activation-api-1.2.2.jar;D:\Program Files (x86)\apache-maven-3.6.3\Maven_Repo\org\assertj\assertj-core\3.18.1\assertj-core-3.18.1.jar;D:\Program Files (x86)\apache-maven-3.6.3\Maven_Repo\org\hamcrest\hamcrest\2.2\hamcrest-2.2.jar;D:\Program Files (x86)\apache-maven-3.6.3\Maven_Repo\org\junit\jupiter\junit-jupiter\5.7.0\junit-jupiter-5.7.0.jar;D:\Program Files (x86)\apache-maven-3.6.3\Maven_Repo\org\junit\jupiter\junit-jupiter-api\5.7.0\junit-jupiter-api-5.7.0.jar;D:\Program Files (x86)\apache-maven-3.6.3\Maven_Repo\org\apiguardian\apiguardian-api\1.1.0\apiguardian-api-1.1.0.jar;D:\Program Files (x86)\apache-maven-3.6.3\Maven_Repo\org\opentest4j\opentest4j\1.2.0\opentest4j-1.2.0.jar;D:\Program Files (x86)\apache-maven-3.6.3\Maven_Repo\org\junit\platform\junit-platform-commons\1.7.0\junit-platform-commons-1.7.0.jar;D:\Program Files (x86)\apache-maven-3.6.3\Maven_Repo\org\junit\jupiter\junit-jupiter-params\5.7.0\junit-jupiter-params-5.7.0.jar;D:\Program Files (x86)\apache-maven-3.6.3\Maven_Repo\org\junit\jupiter\junit-jupiter-engine\5.7.0\junit-jupiter-engine-5.7.0.jar;D:\Program Files (x86)\apache-maven-3.6.3\Maven_Repo\org\junit\platform\junit-platform-engine\1.7.0\junit-platform-engine-1.7.0.jar;D:\Program Files (x86)\apache-maven-3.6.3\Maven_Repo\org\mockito\mockito-core\3.6.28\mockito-core-3.6.28.jar;D:\Program Files (x86)\apache-maven-3.6.3\Maven_Repo\net\bytebuddy\byte-buddy\1.10.18\byte-buddy-1.10.18.jar;D:\Program Files (x86)\apache-maven-3.6.3\Maven_Repo\net\bytebuddy\byte-buddy-agent\1.10.18\byte-buddy-agent-1.10.18.jar;D:\Program Files (x86)\apache-maven-3.6.3\Maven_Repo\org\objenesis\objenesis\3.1\objenesis-3.1.jar;D:\Program Files (x86)\apache-maven-3.6.3\Maven_Repo\org\mockito\mockito-junit-jupiter\3.6.28\mockito-junit-jupiter-3.6.28.jar;D:\Program Files (x86)\apache-maven-3.6.3\Maven_Repo\org\skyscreamer\jsonassert\1.5.0\jsonassert-1.5.0.jar;D:\Program Files (x86)\apache-maven-3.6.3\Maven_Repo\com\vaadin\external\google\android-json\0.0.20131108.vaadin1\android-json-0.0.20131108.vaadin1.jar;D:\Program Files (x86)\apache-maven-3.6.3\Maven_Repo\org\springframework\spring-core\5.3.2\spring-core-5.3.2.jar;D:\Program Files (x86)\apache-maven-3.6.3\Maven_Repo\org\springframework\spring-jcl\5.3.2\spring-jcl-5.3.2.jar;D:\Program Files (x86)\apache-maven-3.6.3\Maven_Repo\org\springframework\spring-test\5.3.2\spring-test-5.3.2.jar;D:\Program Files (x86)\apache-maven-3.6.3\Maven_Repo\org\xmlunit\xmlunit-core\2.7.0\xmlunit-core-2.7.0.jar;D:\Program Files (x86)\apache-maven-3.6.3\Maven_Repo\org\apache\commons\commons-lang3\3.11\commons-lang3-3.11.jar;D:\Program Files (x86)\apache-maven-3.6.3\Maven_Repo\com\dameng\Dm8JdbcDriver18\8.1.1.49\Dm8JdbcDriver18-8.1.1.49.jar;D:\Program Files (x86)\apache-maven-3.6.3\Maven_Repo\com\highgo\HgdbJdbc\6.0.4.jre8\HgdbJdbc-6.0.4.jre8.jar;D:\Program Files (x86)\apache-maven-3.6.3\Maven_Repo\com\netflix\ribbon\ribbon\2.7.18\ribbon-2.7.18.jar;D:\Program Files (x86)\apache-maven-3.6.3\Maven_Repo\com\netflix\ribbon\ribbon-core\2.7.18\ribbon-core-2.7.18.jar;D:\Program Files (x86)\apache-maven-3.6.3\Maven_Repo\com\google\code\findbugs\annotations\2.0.0\annotations-2.0.0.jar;D:\Program Files (x86)\apache-maven-3.6.3\Maven_Repo\commons-lang\commons-lang\2.6\commons-lang-2.6.jar;D:\Program Files (x86)\apache-maven-3.6.3\Maven_Repo\com\netflix\ribbon\ribbon-transport\2.7.18\ribbon-transport-2.7.18.jar;D:\Program Files (x86)\apache-maven-3.6.3\Maven_Repo\com\netflix\ribbon\ribbon-archaius\2.7.18\ribbon-archaius-2.7.18.jar;D:\Program Files (x86)\apache-maven-3.6.3\Maven_Repo\com\netflix\ribbon\ribbon-loadbalancer\2.7.18\ribbon-loadbalancer-2.7.18.jar;D:\Program Files (x86)\apache-maven-3.6.3\Maven_Repo\com\netflix\netflix-commons\netflix-statistics\0.1.1\netflix-statistics-0.1.1.jar;D:\Program Files (x86)\apache-maven-3.6.3\Maven_Repo\com\netflix\servo\servo-core\0.10.1\servo-core-0.10.1.jar;D:\Program Files (x86)\apache-maven-3.6.3\Maven_Repo\com\netflix\servo\servo-internal\0.10.1\servo-internal-0.10.1.jar;D:\Program Files (x86)\apache-maven-3.6.3\Maven_Repo\com\netflix\netflix-commons\netflix-commons-util\0.1.1\netflix-commons-util-0.1.1.jar;D:\Program Files (x86)\apache-maven-3.6.3\Maven_Repo\io\reactivex\rxnetty-contexts\0.4.9\rxnetty-contexts-0.4.9.jar;D:\Program Files (x86)\apache-maven-3.6.3\Maven_Repo\io\reactivex\rxnetty-servo\0.4.9\rxnetty-servo-0.4.9.jar;D:\Program Files (x86)\apache-maven-3.6.3\Maven_Repo\com\netflix\hystrix\hystrix-core\1.4.3\hystrix-core-1.4.3.jar;D:\Program Files (x86)\apache-maven-3.6.3\Maven_Repo\javax\inject\javax.inject\1\javax.inject-1.jar;D:\Program Files (x86)\apache-maven-3.6.3\Maven_Repo\io\reactivex\rxjava\1.3.8\rxjava-1.3.8.jar;D:\Program Files (x86)\apache-maven-3.6.3\Maven_Repo\io\reactivex\rxnetty\0.4.9\rxnetty-0.4.9.jar;D:\Program Files (x86)\apache-maven-3.6.3\Maven_Repo\io\netty\netty-codec-http\4.1.55.Final\netty-codec-http-4.1.55.Final.jar;D:\Program Files (x86)\apache-maven-3.6.3\Maven_Repo\io\netty\netty-common\4.1.55.Final\netty-common-4.1.55.Final.jar;D:\Program Files (x86)\apache-maven-3.6.3\Maven_Repo\io\netty\netty-buffer\4.1.55.Final\netty-buffer-4.1.55.Final.jar;D:\Program Files (x86)\apache-maven-3.6.3\Maven_Repo\io\netty\netty-transport\4.1.55.Final\netty-transport-4.1.55.Final.jar;D:\Program Files (x86)\apache-maven-3.6.3\Maven_Repo\io\netty\netty-resolver\4.1.55.Final\netty-resolver-4.1.55.Final.jar;D:\Program Files (x86)\apache-maven-3.6.3\Maven_Repo\io\netty\netty-codec\4.1.55.Final\netty-codec-4.1.55.Final.jar;D:\Program Files (x86)\apache-maven-3.6.3\Maven_Repo\io\netty\netty-handler\4.1.55.Final\netty-handler-4.1.55.Final.jar;D:\Program Files (x86)\apache-maven-3.6.3\Maven_Repo\io\netty\netty-transport-native-epoll\4.1.55.Final\netty-transport-native-epoll-4.1.55.Final.jar;D:\Program Files (x86)\apache-maven-3.6.3\Maven_Repo\io\netty\netty-transport-native-unix-common\4.1.55.Final\netty-transport-native-unix-common-4.1.55.Final.jar;D:\Program Files (x86)\apache-maven-3.6.3\Maven_Repo\commons-configuration\commons-configuration\1.8\commons-configuration-1.8.jar;D:\Program Files (x86)\apache-maven-3.6.3\Maven_Repo\commons-logging\commons-logging\1.1.1\commons-logging-1.1.1.jar;D:\Program Files (x86)\apache-maven-3.6.3\Maven_Repo\com\google\guava\guava\19.0\guava-19.0.jar;D:\Program Files (x86)\apache-maven-3.6.3\Maven_Repo\com\netflix\archaius\archaius-core\0.7.6\archaius-core-0.7.6.jar;D:\Program Files (x86)\apache-maven-3.6.3\Maven_Repo\com\google\code\findbugs\jsr305\3.0.1\jsr305-3.0.1.jar;D:\Program Files (x86)\apache-maven-3.6.3\Maven_Repo\com\fasterxml\jackson\core\jackson-annotations\2.11.3\jackson-annotations-2.11.3.jar;D:\Program Files (x86)\apache-maven-3.6.3\Maven_Repo\com\fasterxml\jackson\core\jackson-core\2.11.3\jackson-core-2.11.3.jar;D:\Program Files (x86)\apache-maven-3.6.3\Maven_Repo\org\springframework\boot\spring-boot-devtools\2.4.1\spring-boot-devtools-2.4.1.jar;D:\Program Files (x86)\apache-maven-3.6.3\Maven_Repo\org\springframework\boot\spring-boot\2.4.1\spring-boot-2.4.1.jar;D:\Program Files (x86)\apache-maven-3.6.3\Maven_Repo\org\springframework\boot\spring-boot-autoconfigure\2.4.1\spring-boot-autoconfigure-2.4.1.jar;"/>
    <property name="sun.cpu.endian" value="little"/>
    <property name="user.home" value="C:\Users\artisan"/>
    <property name="user.language" value="zh"/>
    <property name="java.specification.vendor" value="Oracle Corporation"/>
    <property name="java.home" value="D:\Program Files (x86)\Java\jdk1.8.0_261\jre"/>
    <property name="basedir" value="D:\IdeaProjects\boot2\helloboot"/>
    <property name="file.separator" value="\"/>
    <property name="line.separator" value="&#10;"/>
    <property name="java.vm.specification.vendor" value="Oracle Corporation"/>
    <property name="java.specification.name" value="Java Platform API Specification"/>
    <property name="java.awt.graphicsenv" value="sun.awt.Win32GraphicsEnvironment"/>
    <property name="surefire.real.class.path" value="C:\Users\artisan\AppData\Local\Temp\surefire4924660408843613036\surefirebooter7372013113400889246.jar"/>
    <property name="sun.boot.class.path" value="D:\Program Files (x86)\Java\jdk1.8.0_261\jre\lib\resources.jar;D:\Program Files (x86)\Java\jdk1.8.0_261\jre\lib\rt.jar;D:\Program Files (x86)\Java\jdk1.8.0_261\jre\lib\sunrsasign.jar;D:\Program Files (x86)\Java\jdk1.8.0_261\jre\lib\jsse.jar;D:\Program Files (x86)\Java\jdk1.8.0_261\jre\lib\jce.jar;D:\Program Files (x86)\Java\jdk1.8.0_261\jre\lib\charsets.jar;D:\Program Files (x86)\Java\jdk1.8.0_261\jre\lib\jfr.jar;D:\Program Files (x86)\Java\jdk1.8.0_261\jre\classes"/>
    <property name="user.script" value=""/>
    <property name="sun.management.compiler" value="HotSpot 64-Bit Tiered Compilers"/>
    <property name="java.runtime.version" value="1.8.0_261-b12"/>
    <property name="user.name" value="artisan"/>
    <property name="path.separator" value=";"/>
    <property name="os.version" value="10.0"/>
    <property name="java.endorsed.dirs" value="D:\Program Files (x86)\Java\jdk1.8.0_261\jre\lib\endorsed"/>
    <property name="java.runtime.name" value="Java(TM) SE Runtime Environment"/>
    <property name="file.encoding" value="GBK"/>
    <property name="java.vm.name" value="Java HotSpot(TM) 64-Bit Server VM"/>
    <property name="localRepository" value="D:\Program Files (x86)\apache-maven-3.6.3\Maven_Repo"/>
    <property name="java.vendor.url.bug" value="http://bugreport.sun.com/bugreport/"/>
    <property name="java.io.tmpdir" value="C:\Users\artisan\AppData\Local\Temp\"/>
    <property name="idea.version" value="2020.2.1"/>
    <property name="java.version" value="1.8.0_261"/>
    <property name="user.dir" value="D:\IdeaProjects\boot2\helloboot"/>
    <property name="os.arch" value="amd64"/>
    <property name="java.vm.specification.name" value="Java Virtual Machine Specification"/>
    <property name="java.awt.printerjob" value="sun.awt.windows.WPrinterJob"/>
    <property name="sun.os.patch.level" value=""/>
    <property name="java.library.path" value="D:\Program Files (x86)\Java\jdk1.8.0_261\jre\bin;C:\Windows\Sun\Java\bin;C:\Windows\system32;C:\Windows;D:\Programs\Python\Python38\Scripts\;D:\Programs\Python\Python38\;D:\Program Files (x86)\Java\AdoptOpenJDK\jdk-11.0.8.10-hotspot\bin;C:\Program Files (x86)\Common Files\Oracle\Java\javapath;C:\Windows\system32;C:\Windows;C:\Windows\System32\Wbem;C:\Windows\System32\WindowsPowerShell\v1.0\;C:\Windows\System32\OpenSSH\;D:\Program Files (x86)\Git\cmd;D:\Program Files (x86)\apache-maven-3.6.3\\bin;C:\Program Files\MySQL\MySQL Server 5.7\bin;C:\Program Files\python;C:\Program Files\python\Scripts;D:\BtSoft\panel\script;D:\Program Files\nodejs\;D:\Program Files (x86)\Python27;C:\Users\artisan\AppData\Local\Microsoft\WindowsApps;C:\Users\artisan\AppData\Roaming\npm;D:\Program Files (x86)\JetBrains\PyCharm 2020.1\bin;;."/>
    <property name="java.vm.info" value="mixed mode"/>
    <property name="java.vendor" value="Oracle Corporation"/>
    <property name="java.vm.version" value="25.261-b12"/>
    <property name="java.ext.dirs" value="D:\Program Files (x86)\Java\jdk1.8.0_261\jre\lib\ext;C:\Windows\Sun\Java\lib\ext"/>
    <property name="sun.io.unicode.encoding" value="UnicodeLittle"/>
    <property name="java.class.version" value="52.0"/>
  </properties>
  <testcase name="test" classname="com.artisan.test.Test" time="0.245"/>
</testsuite>